Start testing: Apr 30 14:22 CEST
----------------------------------------------------------
1/1 Testing: test_cord_plugin
1/1 Test: test_cord_plugin
Command: "/home/alisher/basecamp/modules/cord-basecamp/build/test_cord_plugin"
Directory: /home/alisher/basecamp/modules/cord-basecamp/build
"test_cord_plugin" start time: Apr 30 14:22 CEST
Output:
----------------------------------------------------------
********* Start testing of TestCordPlugin *********
Config: Using QtTest library 6.9.3, Qt 6.9.3 (x86_64-little_endian-lp64 shared (dynamic) release build; by GCC 10.3.1 20210422 (Red Hat 10.3.1-1)), ubuntu 24.04
PASS   : TestCordPlugin::initTestCase()
PASS   : TestCordPlugin::testAddChannelSuccess()
PASS   : TestCordPlugin::testAddChannelDuplicate()
PASS   : TestCordPlugin::testAddChannelInvalidId()
PASS   : TestCordPlugin::testAddChannelDefaultLabel()
PASS   : TestCordPlugin::testRemoveChannel()
PASS   : TestCordPlugin::testRemoveChannelNotFound()
PASS   : TestCordPlugin::testUpdateCursor()
PASS   : TestCordPlugin::testUpdateCursorChannelNotFound()
PASS   : TestCordPlugin::testRecordDispatch()
PASS   : TestCordPlugin::testDispatchLogCappedAt200()
PASS   : TestCordPlugin::testWatchlistPersists()
PASS   : TestCordPlugin::testDispatchLogPersists()
PASS   : TestCordPlugin::testGetCordConfigDefaults()
PASS   : TestCordPlugin::testSetNodeUrl()
PASS   : TestCordPlugin::testSetNodeUrlEmpty()
PASS   : TestCordPlugin::testSetPollIntervalClamped()
PASS   : TestCordPlugin::cleanupTestCase()
Totals: 18 passed, 0 failed, 0 skipped, 0 blacklisted, 52ms
********* Finished testing of TestCordPlugin *********
<end of output>
Test time =   0.06 sec
----------------------------------------------------------
Test Passed.
"test_cord_plugin" end time: Apr 30 14:22 CEST
"test_cord_plugin" time elapsed: 00:00:00
----------------------------------------------------------

End testing: Apr 30 14:22 CEST
